# JRE version: OpenJDK Runtime Environment OpenLogic-OpenJDK (17.0.10+7) (build 17.0.10+7-adhoc..jdk17u)
# Java VM: OpenJDK 64-Bit Server VM OpenLogic-OpenJDK (17.0.10+7-adhoc..jdk17u, mixed mode, sharing, tiered, compressed oops, compressed class ptrs, g1 gc, windows-amd64)
GC Precious Log:
 CPUs: 4 total, 4 available
 Memory: 7812M
 Large Page Support: Disabled
 NUMA Support: Disabled
 Compressed Oops: Enabled (32-bit)
 Heap Region Size: 1M
 Heap Min Capacity: 8M
 Heap Initial Capacity: 124M
 Heap Max Capacity: 1954M
 Pre-touch: Disabled
 Parallel Workers: 4
 Concurrent Workers: 1
 Concurrent Refinement Workers: 4
 Periodic GC: Disabled
Heap:
 garbage-first heap   total 97280K, used 58832K [0x0000000085e00000, 0x0000000100000000)
  region size 1024K, 6 young (6144K), 3 survivors (3072K)
 Metaspace       used 47332K, committed 47552K, reserved 1114112K
  class space    used 5579K, committed 5696K, reserved 1048576K
GC Heap History (20 events):
Event: 15.229 GC heap before
{Heap before GC invocations=8 (full 0):
 garbage-first heap   total 55296K, used 29875K [0x0000000085e00000, 0x0000000100000000)
  region size 1024K, 8 young (8192K), 3 survivors (3072K)
 Metaspace       used 35747K, committed 35968K, reserved 1114112K
  class space    used 4356K, committed 4480K, reserved 1048576K
}
Event: 15.237 GC heap after
{Heap after GC invocations=9 (full 0):
 garbage-first heap   total 55296K, used 26658K [0x0000000085e00000, 0x0000000100000000)
  region size 1024K, 1 young (1024K), 1 survivors (1024K)
 Metaspace       used 35747K, committed 35968K, reserved 1114112K
  class space    used 4356K, committed 4480K, reserved 1048576K
}
Event: 17.042 GC heap before
{Heap before GC invocations=10 (full 0):
 garbage-first heap   total 55296K, used 39970K [0x0000000085e00000, 0x0000000100000000)
  region size 1024K, 14 young (14336K), 1 survivors (1024K)
 Metaspace       used 39027K, committed 39296K, reserved 1114112K
  class space    used 4860K, committed 4992K, reserved 1048576K
}
Event: 17.049 GC heap after
{Heap after GC invocations=11 (full 0):
 garbage-first heap   total 55296K, used 27891K [0x0000000085e00000, 0x0000000100000000)
  region size 1024K, 2 young (2048K), 2 survivors (2048K)
 Metaspace       used 39027K, committed 39296K, reserved 1114112K
  class space    used 4860K, committed 4992K, reserved 1048576K
}
Event: 17.434 GC heap before
{Heap before GC invocations=11 (full 0):
 garbage-first heap   total 55296K, used 28915K [0x0000000085e00000, 0x0000000100000000)
  region size 1024K, 3 young (3072K), 2 survivors (2048K)
 Metaspace       used 39215K, committed 39424K, reserved 1114112K
  class space    used 4884K, committed 4992K, reserved 1048576K
}
Event: 17.441 GC heap after
{Heap after GC invocations=12 (full 0):
 garbage-first heap   total 55296K, used 27826K [0x0000000085e00000, 0x0000000100000000)
  region size 1024K, 1 young (1024K), 1 survivors (1024K)
 Metaspace       used 39215K, committed 39424K, reserved 1114112K
  class space    used 4884K, committed 4992K, reserved 1048576K
}
Event: 20.387 GC heap before
{Heap before GC invocations=12 (full 0):
 garbage-first heap   total 55296K, used 34994K [0x0000000085e00000, 0x0000000100000000)
  region size 1024K, 9 young (9216K), 1 survivors (1024K)
 Metaspace       used 40372K, committed 40640K, reserved 1114112K
  class space    used 4999K, committed 5120K, reserved 1048576K
}
Event: 20.394 GC heap after
{Heap after GC invocations=13 (full 0):
 garbage-first heap   total 92160K, used 29347K [0x0000000085e00000, 0x0000000100000000)
  region size 1024K, 2 young (2048K), 2 survivors (2048K)
 Metaspace       used 40372K, committed 40640K, reserved 1114112K
  class space    used 4999K, committed 5120K, reserved 1048576K
}
Event: 24.202 GC heap before
{Heap before GC invocations=13 (full 0):
 garbage-first heap   total 92160K, used 65187K [0x0000000085e00000, 0x0000000100000000)
  region size 1024K, 36 young (36864K), 2 survivors (2048K)
 Metaspace       used 40783K, committed 41088K, reserved 1114112K
  class space    used 5018K, committed 5184K, reserved 1048576K
}
Event: 24.212 GC heap after
{Heap after GC invocations=14 (full 0):
 garbage-first heap   total 92160K, used 31544K [0x0000000085e00000, 0x0000000100000000)
  region size 1024K, 4 young (4096K), 4 survivors (4096K)
 Metaspace       used 40783K, committed 41088K, reserved 1114112K
  class space    used 5018K, committed 5184K, reserved 1048576K
}
Event: 28.250 GC heap before
{Heap before GC invocations=14 (full 0):
 garbage-first heap   total 92160K, used 66360K [0x0000000085e00000, 0x0000000100000000)
  region size 1024K, 38 young (38912K), 4 survivors (4096K)
 Metaspace       used 45404K, committed 45632K, reserved 1114112K
  class space    used 5396K, committed 5504K, reserved 1048576K
}
Event: 28.279 GC heap after
{Heap after GC invocations=15 (full 0):
 garbage-first heap   total 92160K, used 37773K [0x0000000085e00000, 0x0000000100000000)
  region size 1024K, 5 young (5120K), 5 survivors (5120K)
 Metaspace       used 45404K, committed 45632K, reserved 1114112K
  class space    used 5396K, committed 5504K, reserved 1048576K
}
Event: 29.822 GC heap before
{Heap before GC invocations=15 (full 0):
 garbage-first heap   total 92160K, used 68493K [0x0000000085e00000, 0x0000000100000000)
  region size 1024K, 35 young (35840K), 5 survivors (5120K)
 Metaspace       used 46092K, committed 46400K, reserved 1114112K
  class space    used 5433K, committed 5568K, reserved 1048576K
}
Event: 29.848 GC heap after
{Heap after GC invocations=16 (full 0):
 garbage-first heap   total 92160K, used 43378K [0x0000000085e00000, 0x0000000100000000)
  region size 1024K, 5 young (5120K), 5 survivors (5120K)
 Metaspace       used 46092K, committed 46400K, reserved 1114112K
  class space    used 5433K, committed 5568K, reserved 1048576K
}
Event: 30.733 GC heap before
{Heap before GC invocations=16 (full 0):
 garbage-first heap   total 92160K, used 67954K [0x0000000085e00000, 0x0000000100000000)
  region size 1024K, 30 young (30720K), 5 survivors (5120K)
 Metaspace       used 47000K, committed 47296K, reserved 1114112K
  class space    used 5541K, committed 5696K, reserved 1048576K
}
Event: 30.757 GC heap after
{Heap after GC invocations=17 (full 0):
 garbage-first heap   total 92160K, used 48093K [0x0000000085e00000, 0x0000000100000000)
  region size 1024K, 4 young (4096K), 4 survivors (4096K)
 Metaspace       used 47000K, committed 47296K, reserved 1114112K
  class space    used 5541K, committed 5696K, reserved 1048576K
}
Event: 31.547 GC heap before
{Heap before GC invocations=17 (full 0):
 garbage-first heap   total 92160K, used 71645K [0x0000000085e00000, 0x0000000100000000)
  region size 1024K, 27 young (27648K), 4 survivors (4096K)
 Metaspace       used 47283K, committed 47488K, reserved 1114112K
  class space    used 5577K, committed 5696K, reserved 1048576K
}
Event: 31.569 GC heap after
{Heap after GC invocations=18 (full 0):
 garbage-first heap   total 92160K, used 53248K [0x0000000085e00000, 0x0000000100000000)
  region size 1024K, 4 young (4096K), 4 survivors (4096K)
 Metaspace       used 47283K, committed 47488K, reserved 1114112K
  class space    used 5577K, committed 5696K, reserved 1048576K
}
Event: 32.027 GC heap before
{Heap before GC invocations=19 (full 0):
 garbage-first heap   total 97280K, used 72704K [0x0000000085e00000, 0x0000000100000000)
  region size 1024K, 23 young (23552K), 4 survivors (4096K)
 Metaspace       used 47330K, committed 47552K, reserved 1114112K
  class space    used 5579K, committed 5696K, reserved 1048576K
}
Event: 32.044 GC heap after
{Heap after GC invocations=20 (full 0):
 garbage-first heap   total 97280K, used 56784K [0x0000000085e00000, 0x0000000100000000)
  region size 1024K, 3 young (3072K), 3 survivors (3072K)
 Metaspace       used 47330K, committed 47552K, reserved 1114112K
  class space    used 5579K, committed 5696K, reserved 1048576K
}

