# JRE version: OpenJDK Runtime Environment OpenLogic-OpenJDK (17.0.10+7) (build 17.0.10+7-adhoc..jdk17u)
# Java VM: OpenJDK 64-Bit Server VM OpenLogic-OpenJDK (17.0.10+7-adhoc..jdk17u, mixed mode, sharing, tiered, compressed oops, compressed class ptrs, g1 gc, windows-amd64)
GC Precious Log:
 CPUs: 4 total, 4 available
 Memory: 7812M
 Large Page Support: Disabled
 NUMA Support: Disabled
 Compressed Oops: Enabled (32-bit)
 Heap Region Size: 1M
 Heap Min Capacity: 64M
 Heap Initial Capacity: 64M
 Heap Max Capacity: 64M
 Pre-touch: Disabled
 Parallel Workers: 4
 Concurrent Workers: 1
 Concurrent Refinement Workers: 4
 Periodic GC: Disabled
Heap:
 garbage-first heap   total 65536K, used 16017K [0x00000000fc000000, 0x0000000100000000)
  region size 1024K, 6 young (6144K), 3 survivors (3072K)
 Metaspace       used 10264K, committed 10432K, reserved 1114112K
  class space    used 1316K, committed 1408K, reserved 1048576K
GC Heap History (6 events):
Event: 3.564 GC heap before
{Heap before GC invocations=0 (full 0):
 garbage-first heap   total 65536K, used 13312K [0x00000000fc000000, 0x0000000100000000)
  region size 1024K, 13 young (13312K), 0 survivors (0K)
 Metaspace       used 1837K, committed 1984K, reserved 1114112K
  class space    used 166K, committed 192K, reserved 1048576K
}
Event: 3.765 GC heap after
{Heap after GC invocations=1 (full 0):
 garbage-first heap   total 65536K, used 2770K [0x00000000fc000000, 0x0000000100000000)
  region size 1024K, 2 young (2048K), 2 survivors (2048K)
 Metaspace       used 1837K, committed 1984K, reserved 1114112K
  class space    used 166K, committed 192K, reserved 1048576K
}
Event: 7.667 GC heap before
{Heap before GC invocations=1 (full 0):
 garbage-first heap   total 65536K, used 21202K [0x00000000fc000000, 0x0000000100000000)
  region size 1024K, 17 young (17408K), 2 survivors (2048K)
 Metaspace       used 4932K, committed 5120K, reserved 1114112K
  class space    used 652K, committed 768K, reserved 1048576K
}
Event: 7.674 GC heap after
{Heap after GC invocations=2 (full 0):
 garbage-first heap   total 65536K, used 11072K [0x00000000fc000000, 0x0000000100000000)
  region size 1024K, 3 young (3072K), 3 survivors (3072K)
 Metaspace       used 4932K, committed 5120K, reserved 1114112K
  class space    used 652K, committed 768K, reserved 1048576K
}
Event: 277.526 GC heap before
{Heap before GC invocations=2 (full 0):
 garbage-first heap   total 65536K, used 31552K [0x00000000fc000000, 0x0000000100000000)
  region size 1024K, 23 young (23552K), 3 survivors (3072K)
 Metaspace       used 10122K, committed 10304K, reserved 1114112K
  class space    used 1296K, committed 1408K, reserved 1048576K
}
Event: 277.606 GC heap after
{Heap after GC invocations=3 (full 0):
 garbage-first heap   total 65536K, used 13969K [0x00000000fc000000, 0x0000000100000000)
  region size 1024K, 3 young (3072K), 3 survivors (3072K)
 Metaspace       used 10122K, committed 10304K, reserved 1114112K
  class space    used 1296K, committed 1408K, reserved 1048576K
}

