# JRE version: OpenJDK Runtime Environment OpenLogic-OpenJDK (17.0.10+7) (build 17.0.10+7-adhoc..jdk17u)
# Java VM: OpenJDK 64-Bit Server VM OpenLogic-OpenJDK (17.0.10+7-adhoc..jdk17u, mixed mode, sharing, tiered, compressed oops, compressed class ptrs, g1 gc, windows-amd64)
GC Precious Log:
 CPUs: 4 total, 4 available
 Memory: 7812M
 Large Page Support: Disabled
 NUMA Support: Disabled
 Compressed Oops: Enabled (32-bit)
 Heap Region Size: 1M
 Heap Min Capacity: 8M
 Heap Initial Capacity: 124M
 Heap Max Capacity: 2G
 Pre-touch: Disabled
 Parallel Workers: 4
 Concurrent Workers: 1
 Concurrent Refinement Workers: 4
 Periodic GC: Disabled
Heap:
 garbage-first heap   total 373760K, used 224223K [0x0000000080000000, 0x0000000100000000)
  region size 1024K, 24 young (24576K), 6 survivors (6144K)
 Metaspace       used 114398K, committed 115712K, reserved 557056K
  class space    used 15638K, committed 16192K, reserved 425984K
GC Heap History (20 events):
Event: 247.260 GC heap before
{Heap before GC invocations=97 (full 0):
 garbage-first heap   total 337920K, used 207018K [0x0000000080000000, 0x0000000100000000)
  region size 1024K, 16 young (16384K), 2 survivors (2048K)
 Metaspace       used 113069K, committed 114368K, reserved 557056K
  class space    used 15506K, committed 16064K, reserved 425984K
}
Event: 247.275 GC heap after
{Heap after GC invocations=98 (full 0):
 garbage-first heap   total 337920K, used 190403K [0x0000000080000000, 0x0000000100000000)
  region size 1024K, 2 young (2048K), 2 survivors (2048K)
 Metaspace       used 113069K, committed 114368K, reserved 557056K
  class space    used 15506K, committed 16064K, reserved 425984K
}
Event: 252.160 GC heap before
{Heap before GC invocations=98 (full 0):
 garbage-first heap   total 337920K, used 252867K [0x0000000080000000, 0x0000000100000000)
  region size 1024K, 63 young (64512K), 2 survivors (2048K)
 Metaspace       used 113526K, committed 114816K, reserved 557056K
  class space    used 15555K, committed 16128K, reserved 425984K
}
Event: 252.185 GC heap after
{Heap after GC invocations=99 (full 0):
 garbage-first heap   total 337920K, used 193208K [0x0000000080000000, 0x0000000100000000)
  region size 1024K, 5 young (5120K), 5 survivors (5120K)
 Metaspace       used 113526K, committed 114816K, reserved 557056K
  class space    used 15555K, committed 16128K, reserved 425984K
}
Event: 255.153 GC heap before
{Heap before GC invocations=99 (full 0):
 garbage-first heap   total 337920K, used 258744K [0x0000000080000000, 0x0000000100000000)
  region size 1024K, 69 young (70656K), 5 survivors (5120K)
 Metaspace       used 113526K, committed 114816K, reserved 557056K
  class space    used 15555K, committed 16128K, reserved 425984K
}
Event: 255.162 GC heap after
{Heap after GC invocations=100 (full 0):
 garbage-first heap   total 337920K, used 194754K [0x0000000080000000, 0x0000000100000000)
  region size 1024K, 6 young (6144K), 6 survivors (6144K)
 Metaspace       used 113526K, committed 114816K, reserved 557056K
  class space    used 15555K, committed 16128K, reserved 425984K
}
Event: 257.020 GC heap before
{Heap before GC invocations=100 (full 0):
 garbage-first heap   total 337920K, used 264386K [0x0000000080000000, 0x0000000100000000)
  region size 1024K, 74 young (75776K), 6 survivors (6144K)
 Metaspace       used 113526K, committed 114816K, reserved 557056K
  class space    used 15555K, committed 16128K, reserved 425984K
}
Event: 257.039 GC heap after
{Heap after GC invocations=101 (full 0):
 garbage-first heap   total 337920K, used 196686K [0x0000000080000000, 0x0000000100000000)
  region size 1024K, 6 young (6144K), 6 survivors (6144K)
 Metaspace       used 113526K, committed 114816K, reserved 557056K
  class space    used 15555K, committed 16128K, reserved 425984K
}
Event: 259.923 GC heap before
{Heap before GC invocations=101 (full 0):
 garbage-first heap   total 337920K, used 269390K [0x0000000080000000, 0x0000000100000000)
  region size 1024K, 77 young (78848K), 6 survivors (6144K)
 Metaspace       used 113528K, committed 114816K, reserved 557056K
  class space    used 15555K, committed 16128K, reserved 425984K
}
Event: 259.931 GC heap after
{Heap after GC invocations=102 (full 0):
 garbage-first heap   total 337920K, used 198444K [0x0000000080000000, 0x0000000100000000)
  region size 1024K, 6 young (6144K), 6 survivors (6144K)
 Metaspace       used 113528K, committed 114816K, reserved 557056K
  class space    used 15555K, committed 16128K, reserved 425984K
}
Event: 263.673 GC heap before
{Heap before GC invocations=102 (full 0):
 garbage-first heap   total 337920K, used 273196K [0x0000000080000000, 0x0000000100000000)
  region size 1024K, 80 young (81920K), 6 survivors (6144K)
 Metaspace       used 113661K, committed 114944K, reserved 557056K
  class space    used 15566K, committed 16128K, reserved 425984K
}
Event: 263.686 GC heap after
{Heap after GC invocations=103 (full 0):
 garbage-first heap   total 337920K, used 200937K [0x0000000080000000, 0x0000000100000000)
  region size 1024K, 7 young (7168K), 7 survivors (7168K)
 Metaspace       used 113661K, committed 114944K, reserved 557056K
  class space    used 15566K, committed 16128K, reserved 425984K
}
Event: 268.151 GC heap before
{Heap before GC invocations=103 (full 0):
 garbage-first heap   total 337920K, used 275689K [0x0000000080000000, 0x0000000100000000)
  region size 1024K, 81 young (82944K), 7 survivors (7168K)
 Metaspace       used 113867K, committed 115200K, reserved 557056K
  class space    used 15590K, committed 16192K, reserved 425984K
}
Event: 268.172 GC heap after
{Heap after GC invocations=104 (full 0):
 garbage-first heap   total 337920K, used 204413K [0x0000000080000000, 0x0000000100000000)
  region size 1024K, 9 young (9216K), 9 survivors (9216K)
 Metaspace       used 113867K, committed 115200K, reserved 557056K
  class space    used 15590K, committed 16192K, reserved 425984K
}
Event: 272.845 GC heap before
{Heap before GC invocations=105 (full 0):
 garbage-first heap   total 373760K, used 274045K [0x0000000080000000, 0x0000000100000000)
  region size 1024K, 78 young (79872K), 9 survivors (9216K)
 Metaspace       used 114124K, committed 115456K, reserved 557056K
  class space    used 15615K, committed 16192K, reserved 425984K
}
Event: 272.859 GC heap after
{Heap after GC invocations=106 (full 0):
 garbage-first heap   total 373760K, used 207662K [0x0000000080000000, 0x0000000100000000)
  region size 1024K, 9 young (9216K), 9 survivors (9216K)
 Metaspace       used 114124K, committed 115456K, reserved 557056K
  class space    used 15615K, committed 16192K, reserved 425984K
}
Event: 273.249 GC heap before
{Heap before GC invocations=106 (full 0):
 garbage-first heap   total 373760K, used 216878K [0x0000000080000000, 0x0000000100000000)
  region size 1024K, 18 young (18432K), 9 survivors (9216K)
 Metaspace       used 114158K, committed 115520K, reserved 557056K
  class space    used 15615K, committed 16192K, reserved 425984K
}
Event: 273.267 GC heap after
{Heap after GC invocations=107 (full 0):
 garbage-first heap   total 373760K, used 203743K [0x0000000080000000, 0x0000000100000000)
  region size 1024K, 2 young (2048K), 2 survivors (2048K)
 Metaspace       used 114158K, committed 115520K, reserved 557056K
  class space    used 15615K, committed 16192K, reserved 425984K
}
Event: 278.063 GC heap before
{Heap before GC invocations=107 (full 0):
 garbage-first heap   total 373760K, used 308191K [0x0000000080000000, 0x0000000100000000)
  region size 1024K, 105 young (107520K), 2 survivors (2048K)
 Metaspace       used 114396K, committed 115712K, reserved 557056K
  class space    used 15638K, committed 16192K, reserved 425984K
}
Event: 278.072 GC heap after
{Heap after GC invocations=108 (full 0):
 garbage-first heap   total 373760K, used 207839K [0x0000000080000000, 0x0000000100000000)
  region size 1024K, 6 young (6144K), 6 survivors (6144K)
 Metaspace       used 114396K, committed 115712K, reserved 557056K
  class space    used 15638K, committed 16192K, reserved 425984K
}

