# JRE version: OpenJDK Runtime Environment OpenLogic-OpenJDK (17.0.10+7) (build 17.0.10+7-adhoc..jdk17u)
# Java VM: OpenJDK 64-Bit Server VM OpenLogic-OpenJDK (17.0.10+7-adhoc..jdk17u, mixed mode, sharing, tiered, compressed oops, compressed class ptrs, g1 gc, windows-amd64)
GC Precious Log:
 CPUs: 4 total, 4 available
 Memory: 7812M
 Large Page Support: Disabled
 NUMA Support: Disabled
 Compressed Oops: Enabled (32-bit)
 Heap Region Size: 1M
 Heap Min Capacity: 8M
 Heap Initial Capacity: 124M
 Heap Max Capacity: 2G
 Pre-touch: Disabled
 Parallel Workers: 4
 Concurrent Workers: 1
 Concurrent Refinement Workers: 4
 Periodic GC: Disabled
Heap:
 garbage-first heap   total 304128K, used 171432K [0x0000000080000000, 0x0000000100000000)
  region size 1024K, 7 young (7168K), 7 survivors (7168K)
 Metaspace       used 110140K, committed 111424K, reserved 557056K
  class space    used 14984K, committed 15616K, reserved 425984K
GC Heap History (20 events):
Event: 87.616 GC heap after
{Heap after GC invocations=76 (full 0):
 garbage-first heap   total 233472K, used 171643K [0x0000000080000000, 0x0000000100000000)
  region size 1024K, 4 young (4096K), 4 survivors (4096K)
 Metaspace       used 96967K, committed 98112K, reserved 557056K
  class space    used 13605K, committed 14144K, reserved 425984K
}
Event: 88.949 GC heap before
{Heap before GC invocations=76 (full 0):
 garbage-first heap   total 233472K, used 198267K [0x0000000080000000, 0x0000000100000000)
  region size 1024K, 26 young (26624K), 4 survivors (4096K)
 Metaspace       used 98703K, committed 99904K, reserved 557056K
  class space    used 13708K, committed 14272K, reserved 425984K
}
Event: 88.960 GC heap after
{Heap after GC invocations=77 (full 0):
 garbage-first heap   total 233472K, used 175774K [0x0000000080000000, 0x0000000100000000)
  region size 1024K, 4 young (4096K), 4 survivors (4096K)
 Metaspace       used 98703K, committed 99904K, reserved 557056K
  class space    used 13708K, committed 14272K, reserved 425984K
}
Event: 89.821 GC heap before
{Heap before GC invocations=77 (full 0):
 garbage-first heap   total 233472K, used 194206K [0x0000000080000000, 0x0000000100000000)
  region size 1024K, 23 young (23552K), 4 survivors (4096K)
 Metaspace       used 100596K, committed 101632K, reserved 557056K
  class space    used 13922K, committed 14400K, reserved 425984K
}
Event: 89.827 GC heap after
{Heap after GC invocations=78 (full 0):
 garbage-first heap   total 233472K, used 176817K [0x0000000080000000, 0x0000000100000000)
  region size 1024K, 1 young (1024K), 1 survivors (1024K)
 Metaspace       used 100596K, committed 101632K, reserved 557056K
  class space    used 13922K, committed 14400K, reserved 425984K
}
Event: 90.060 GC heap before
{Heap before GC invocations=78 (full 0):
 garbage-first heap   total 233472K, used 186033K [0x0000000080000000, 0x0000000100000000)
  region size 1024K, 12 young (12288K), 1 survivors (1024K)
 Metaspace       used 101865K, committed 102976K, reserved 557056K
  class space    used 14012K, committed 14528K, reserved 425984K
}
Event: 90.063 GC heap after
{Heap after GC invocations=79 (full 0):
 garbage-first heap   total 233472K, used 176498K [0x0000000080000000, 0x0000000100000000)
  region size 1024K, 1 young (1024K), 1 survivors (1024K)
 Metaspace       used 101865K, committed 102976K, reserved 557056K
  class space    used 14012K, committed 14528K, reserved 425984K
}
Event: 216.879 GC heap before
{Heap before GC invocations=80 (full 0):
 garbage-first heap   total 304128K, used 188786K [0x0000000080000000, 0x0000000100000000)
  region size 1024K, 18 young (18432K), 1 survivors (1024K)
 Metaspace       used 103234K, committed 104320K, reserved 557056K
  class space    used 14099K, committed 14592K, reserved 425984K
}
Event: 216.884 GC heap after
{Heap after GC invocations=81 (full 0):
 garbage-first heap   total 304128K, used 173264K [0x0000000080000000, 0x0000000100000000)
  region size 1024K, 2 young (2048K), 2 survivors (2048K)
 Metaspace       used 103234K, committed 104320K, reserved 557056K
  class space    used 14099K, committed 14592K, reserved 425984K
}
Event: 217.030 GC heap before
{Heap before GC invocations=81 (full 0):
 garbage-first heap   total 304128K, used 185552K [0x0000000080000000, 0x0000000100000000)
  region size 1024K, 14 young (14336K), 2 survivors (2048K)
 Metaspace       used 103279K, committed 104384K, reserved 557056K
  class space    used 14103K, committed 14592K, reserved 425984K
}
Event: 217.045 GC heap after
{Heap after GC invocations=82 (full 0):
 garbage-first heap   total 304128K, used 163701K [0x0000000080000000, 0x0000000100000000)
  region size 1024K, 2 young (2048K), 2 survivors (2048K)
 Metaspace       used 103279K, committed 104384K, reserved 557056K
  class space    used 14103K, committed 14592K, reserved 425984K
}
Event: 232.541 GC heap before
{Heap before GC invocations=82 (full 0):
 garbage-first heap   total 304128K, used 237429K [0x0000000080000000, 0x0000000100000000)
  region size 1024K, 75 young (76800K), 2 survivors (2048K)
 Metaspace       used 103847K, committed 105088K, reserved 557056K
  class space    used 14151K, committed 14720K, reserved 425984K
}
Event: 232.562 GC heap after
{Heap after GC invocations=83 (full 0):
 garbage-first heap   total 304128K, used 177317K [0x0000000080000000, 0x0000000100000000)
  region size 1024K, 10 young (10240K), 10 survivors (10240K)
 Metaspace       used 103847K, committed 105088K, reserved 557056K
  class space    used 14151K, committed 14720K, reserved 425984K
}
Event: 235.212 GC heap before
{Heap before GC invocations=84 (full 0):
 garbage-first heap   total 304128K, used 240805K [0x0000000080000000, 0x0000000100000000)
  region size 1024K, 73 young (74752K), 10 survivors (10240K)
 Metaspace       used 104207K, committed 105472K, reserved 557056K
  class space    used 14181K, committed 14784K, reserved 425984K
}
Event: 235.266 GC heap after
{Heap after GC invocations=85 (full 0):
 garbage-first heap   total 304128K, used 189886K [0x0000000080000000, 0x0000000100000000)
  region size 1024K, 10 young (10240K), 10 survivors (10240K)
 Metaspace       used 104207K, committed 105472K, reserved 557056K
  class space    used 14181K, committed 14784K, reserved 425984K
}
Event: 235.347 GC heap before
{Heap before GC invocations=85 (full 0):
 garbage-first heap   total 304128K, used 193982K [0x0000000080000000, 0x0000000100000000)
  region size 1024K, 14 young (14336K), 10 survivors (10240K)
 Metaspace       used 104218K, committed 105472K, reserved 557056K
  class space    used 14183K, committed 14784K, reserved 425984K
}
Event: 235.457 GC heap after
{Heap after GC invocations=86 (full 0):
 garbage-first heap   total 304128K, used 169414K [0x0000000080000000, 0x0000000100000000)
  region size 1024K, 2 young (2048K), 2 survivors (2048K)
 Metaspace       used 104218K, committed 105472K, reserved 557056K
  class space    used 14183K, committed 14784K, reserved 425984K
}
Event: 236.066 GC heap before
{Heap before GC invocations=86 (full 0):
 garbage-first heap   total 304128K, used 181702K [0x0000000080000000, 0x0000000100000000)
  region size 1024K, 14 young (14336K), 2 survivors (2048K)
 Metaspace       used 104877K, committed 106112K, reserved 557056K
  class space    used 14271K, committed 14848K, reserved 425984K
}
Event: 236.088 GC heap after
{Heap after GC invocations=87 (full 0):
 garbage-first heap   total 304128K, used 166400K [0x0000000080000000, 0x0000000100000000)
  region size 1024K, 2 young (2048K), 2 survivors (2048K)
 Metaspace       used 104877K, committed 106112K, reserved 557056K
  class space    used 14271K, committed 14848K, reserved 425984K
}
Event: 239.258 GC heap before
{Heap before GC invocations=87 (full 0):
 garbage-first heap   total 304128K, used 236032K [0x0000000080000000, 0x0000000100000000)
  region size 1024K, 71 young (72704K), 2 survivors (2048K)
 Metaspace       used 110140K, committed 111424K, reserved 557056K
  class space    used 14984K, committed 15616K, reserved 425984K
}

