# JRE version: OpenJDK Runtime Environment OpenLogic-OpenJDK (17.0.10+7) (build 17.0.10+7-adhoc..jdk17u)
# Java VM: OpenJDK 64-Bit Server VM OpenLogic-OpenJDK (17.0.10+7-adhoc..jdk17u, mixed mode, sharing, tiered, compressed oops, compressed class ptrs, g1 gc, windows-amd64)
GC Precious Log:
 CPUs: 4 total, 4 available
 Memory: 7812M
 Large Page Support: Disabled
 NUMA Support: Disabled
 Compressed Oops: Enabled (32-bit)
 Heap Region Size: 1M
 Heap Min Capacity: 8M
 Heap Initial Capacity: 124M
 Heap Max Capacity: 2G
 Pre-touch: Disabled
 Parallel Workers: 4
 Concurrent Workers: 1
 Concurrent Refinement Workers: 4
 Periodic GC: Disabled
Heap:
 garbage-first heap   total 434176K, used 243596K [0x0000000080000000, 0x0000000100000000)
  region size 1024K, 17 young (17408K), 3 survivors (3072K)
 Metaspace       used 130411K, committed 131776K, reserved 557056K
  class space    used 17352K, committed 18048K, reserved 425984K
GC Heap History (20 events):
Event: 156.400 GC heap before
{Heap before GC invocations=78 (full 0):
 garbage-first heap   total 299008K, used 257737K [0x0000000080000000, 0x0000000100000000)
  region size 1024K, 21 young (21504K), 4 survivors (4096K)
 Metaspace       used 127778K, committed 129216K, reserved 557056K
  class space    used 17056K, committed 17728K, reserved 425984K
}
Event: 156.409 GC heap after
{Heap after GC invocations=79 (full 0):
 garbage-first heap   total 299008K, used 244374K [0x0000000080000000, 0x0000000100000000)
  region size 1024K, 3 young (3072K), 3 survivors (3072K)
 Metaspace       used 127778K, committed 129216K, reserved 557056K
  class space    used 17056K, committed 17728K, reserved 425984K
}
Event: 157.459 GC heap before
{Heap before GC invocations=79 (full 0):
 garbage-first heap   total 299008K, used 257686K [0x0000000080000000, 0x0000000100000000)
  region size 1024K, 17 young (17408K), 3 survivors (3072K)
 Metaspace       used 129204K, committed 130688K, reserved 557056K
  class space    used 17230K, committed 17920K, reserved 425984K
}
Event: 157.468 GC heap after
{Heap after GC invocations=80 (full 0):
 garbage-first heap   total 299008K, used 245538K [0x0000000080000000, 0x0000000100000000)
  region size 1024K, 3 young (3072K), 3 survivors (3072K)
 Metaspace       used 129204K, committed 130688K, reserved 557056K
  class space    used 17230K, committed 17920K, reserved 425984K
}
Event: 157.595 GC heap before
{Heap before GC invocations=80 (full 0):
 garbage-first heap   total 299008K, used 258850K [0x0000000080000000, 0x0000000100000000)
  region size 1024K, 16 young (16384K), 3 survivors (3072K)
 Metaspace       used 129213K, committed 130688K, reserved 557056K
  class space    used 17230K, committed 17920K, reserved 425984K
}
Event: 157.605 GC heap after
{Heap after GC invocations=81 (full 0):
 garbage-first heap   total 299008K, used 249406K [0x0000000080000000, 0x0000000100000000)
  region size 1024K, 2 young (2048K), 2 survivors (2048K)
 Metaspace       used 129213K, committed 130688K, reserved 557056K
  class space    used 17230K, committed 17920K, reserved 425984K
}
Event: 157.775 GC heap before
{Heap before GC invocations=81 (full 0):
 garbage-first heap   total 299008K, used 261694K [0x0000000080000000, 0x0000000100000000)
  region size 1024K, 14 young (14336K), 2 survivors (2048K)
 Metaspace       used 129273K, committed 130688K, reserved 557056K
  class space    used 17241K, committed 17920K, reserved 425984K
}
Event: 157.785 GC heap after
{Heap after GC invocations=82 (full 0):
 garbage-first heap   total 299008K, used 253526K [0x0000000080000000, 0x0000000100000000)
  region size 1024K, 2 young (2048K), 2 survivors (2048K)
 Metaspace       used 129273K, committed 130688K, reserved 557056K
  class space    used 17241K, committed 17920K, reserved 425984K
}
Event: 158.055 GC heap before
{Heap before GC invocations=82 (full 0):
 garbage-first heap   total 299008K, used 264790K [0x0000000080000000, 0x0000000100000000)
  region size 1024K, 14 young (14336K), 2 survivors (2048K)
 Metaspace       used 129388K, committed 130816K, reserved 557056K
  class space    used 17256K, committed 17920K, reserved 425984K
}
Event: 158.068 GC heap after
{Heap after GC invocations=83 (full 0):
 garbage-first heap   total 299008K, used 256359K [0x0000000080000000, 0x0000000100000000)
  region size 1024K, 2 young (2048K), 2 survivors (2048K)
 Metaspace       used 129388K, committed 130816K, reserved 557056K
  class space    used 17256K, committed 17920K, reserved 425984K
}
Event: 158.289 GC heap before
{Heap before GC invocations=83 (full 0):
 garbage-first heap   total 299008K, used 267623K [0x0000000080000000, 0x0000000100000000)
  region size 1024K, 14 young (14336K), 2 survivors (2048K)
 Metaspace       used 129388K, committed 130816K, reserved 557056K
  class space    used 17256K, committed 17920K, reserved 425984K
}
Event: 158.294 GC heap after
{Heap after GC invocations=84 (full 0):
 garbage-first heap   total 299008K, used 257630K [0x0000000080000000, 0x0000000100000000)
  region size 1024K, 2 young (2048K), 2 survivors (2048K)
 Metaspace       used 129388K, committed 130816K, reserved 557056K
  class space    used 17256K, committed 17920K, reserved 425984K
}
Event: 158.492 GC heap before
{Heap before GC invocations=84 (full 0):
 garbage-first heap   total 299008K, used 268894K [0x0000000080000000, 0x0000000100000000)
  region size 1024K, 14 young (14336K), 2 survivors (2048K)
 Metaspace       used 129388K, committed 130816K, reserved 557056K
  class space    used 17256K, committed 17920K, reserved 425984K
}
Event: 158.496 GC heap after
{Heap after GC invocations=85 (full 0):
 garbage-first heap   total 299008K, used 258459K [0x0000000080000000, 0x0000000100000000)
  region size 1024K, 2 young (2048K), 2 survivors (2048K)
 Metaspace       used 129388K, committed 130816K, reserved 557056K
  class space    used 17256K, committed 17920K, reserved 425984K
}
Event: 158.769 GC heap before
{Heap before GC invocations=85 (full 0):
 garbage-first heap   total 299008K, used 269723K [0x0000000080000000, 0x0000000100000000)
  region size 1024K, 14 young (14336K), 2 survivors (2048K)
 Metaspace       used 129777K, committed 131200K, reserved 557056K
  class space    used 17298K, committed 17984K, reserved 425984K
}
Event: 158.774 GC heap after
{Heap after GC invocations=86 (full 0):
 garbage-first heap   total 299008K, used 259488K [0x0000000080000000, 0x0000000100000000)
  region size 1024K, 2 young (2048K), 2 survivors (2048K)
 Metaspace       used 129777K, committed 131200K, reserved 557056K
  class space    used 17298K, committed 17984K, reserved 425984K
}
Event: 161.238 GC heap before
{Heap before GC invocations=87 (full 0):
 garbage-first heap   total 434176K, used 273824K [0x0000000080000000, 0x0000000100000000)
  region size 1024K, 21 young (21504K), 2 survivors (2048K)
 Metaspace       used 130062K, committed 131456K, reserved 557056K
  class space    used 17331K, committed 17984K, reserved 425984K
}
Event: 161.246 GC heap after
{Heap after GC invocations=88 (full 0):
 garbage-first heap   total 434176K, used 256934K [0x0000000080000000, 0x0000000100000000)
  region size 1024K, 3 young (3072K), 3 survivors (3072K)
 Metaspace       used 130062K, committed 131456K, reserved 557056K
  class space    used 17331K, committed 17984K, reserved 425984K
}
Event: 163.355 GC heap before
{Heap before GC invocations=88 (full 0):
 garbage-first heap   total 434176K, used 276390K [0x0000000080000000, 0x0000000100000000)
  region size 1024K, 21 young (21504K), 3 survivors (3072K)
 Metaspace       used 130332K, committed 131776K, reserved 557056K
  class space    used 17351K, committed 18048K, reserved 425984K
}
Event: 163.385 GC heap after
{Heap after GC invocations=89 (full 0):
 garbage-first heap   total 434176K, used 230284K [0x0000000080000000, 0x0000000100000000)
  region size 1024K, 3 young (3072K), 3 survivors (3072K)
 Metaspace       used 130332K, committed 131776K, reserved 557056K
  class space    used 17351K, committed 18048K, reserved 425984K
}

