# JRE version: OpenJDK Runtime Environment OpenLogic-OpenJDK (17.0.10+7) (build 17.0.10+7-adhoc..jdk17u)
# Java VM: OpenJDK 64-Bit Server VM OpenLogic-OpenJDK (17.0.10+7-adhoc..jdk17u, mixed mode, sharing, tiered, compressed oops, compressed class ptrs, g1 gc, windows-amd64)
GC Precious Log:
 CPUs: 4 total, 4 available
 Memory: 7812M
 Large Page Support: Disabled
 NUMA Support: Disabled
 Compressed Oops: Enabled (32-bit)
 Heap Region Size: 1M
 Heap Min Capacity: 8M
 Heap Initial Capacity: 124M
 Heap Max Capacity: 1954M
 Pre-touch: Disabled
 Parallel Workers: 4
 Concurrent Workers: 1
 Concurrent Refinement Workers: 4
 Periodic GC: Disabled
Heap:
 garbage-first heap   total 95232K, used 66058K [0x0000000085e00000, 0x0000000100000000)
  region size 1024K, 16 young (16384K), 1 survivors (1024K)
 Metaspace       used 49534K, committed 49856K, reserved 1114112K
  class space    used 5858K, committed 6016K, reserved 1048576K
GC Heap History (20 events):
Event: 26.246 GC heap before
{Heap before GC invocations=14 (full 0):
 garbage-first heap   total 56320K, used 42194K [0x0000000085e00000, 0x0000000100000000)
  region size 1024K, 12 young (12288K), 2 survivors (2048K)
 Metaspace       used 42904K, committed 43200K, reserved 1114112K
  class space    used 5210K, committed 5376K, reserved 1048576K
}
Event: 26.255 GC heap after
{Heap after GC invocations=15 (full 0):
 garbage-first heap   total 56320K, used 33027K [0x0000000085e00000, 0x0000000100000000)
  region size 1024K, 1 young (1024K), 1 survivors (1024K)
 Metaspace       used 42904K, committed 43200K, reserved 1114112K
  class space    used 5210K, committed 5376K, reserved 1048576K
}
Event: 26.619 GC heap before
{Heap before GC invocations=15 (full 0):
 garbage-first heap   total 56320K, used 44291K [0x0000000085e00000, 0x0000000100000000)
  region size 1024K, 12 young (12288K), 1 survivors (1024K)
 Metaspace       used 43897K, committed 44096K, reserved 1114112K
  class space    used 5337K, committed 5440K, reserved 1048576K
}
Event: 26.626 GC heap after
{Heap after GC invocations=16 (full 0):
 garbage-first heap   total 56320K, used 34573K [0x0000000085e00000, 0x0000000100000000)
  region size 1024K, 2 young (2048K), 2 survivors (2048K)
 Metaspace       used 43897K, committed 44096K, reserved 1114112K
  class space    used 5337K, committed 5440K, reserved 1048576K
}
Event: 27.168 GC heap before
{Heap before GC invocations=17 (full 0):
 garbage-first heap   total 65536K, used 44813K [0x0000000085e00000, 0x0000000100000000)
  region size 1024K, 12 young (12288K), 2 survivors (2048K)
 Metaspace       used 44852K, committed 45120K, reserved 1114112K
  class space    used 5464K, committed 5632K, reserved 1048576K
}
Event: 27.179 GC heap after
{Heap after GC invocations=18 (full 0):
 garbage-first heap   total 65536K, used 36454K [0x0000000085e00000, 0x0000000100000000)
  region size 1024K, 2 young (2048K), 2 survivors (2048K)
 Metaspace       used 44852K, committed 45120K, reserved 1114112K
  class space    used 5464K, committed 5632K, reserved 1048576K
}
Event: 28.654 GC heap before
{Heap before GC invocations=18 (full 0):
 garbage-first heap   total 65536K, used 51814K [0x0000000085e00000, 0x0000000100000000)
  region size 1024K, 17 young (17408K), 2 survivors (2048K)
 Metaspace       used 46399K, committed 46720K, reserved 1114112K
  class space    used 5599K, committed 5760K, reserved 1048576K
}
Event: 28.671 GC heap after
{Heap after GC invocations=19 (full 0):
 garbage-first heap   total 65536K, used 39541K [0x0000000085e00000, 0x0000000100000000)
  region size 1024K, 3 young (3072K), 3 survivors (3072K)
 Metaspace       used 46399K, committed 46720K, reserved 1114112K
  class space    used 5599K, committed 5760K, reserved 1048576K
}
Event: 29.380 GC heap before
{Heap before GC invocations=20 (full 0):
 garbage-first heap   total 68608K, used 51829K [0x0000000085e00000, 0x0000000100000000)
  region size 1024K, 15 young (15360K), 3 survivors (3072K)
 Metaspace       used 47789K, committed 48128K, reserved 1114112K
  class space    used 5740K, committed 5888K, reserved 1048576K
}
Event: 29.395 GC heap after
{Heap after GC invocations=21 (full 0):
 garbage-first heap   total 68608K, used 41856K [0x0000000085e00000, 0x0000000100000000)
  region size 1024K, 2 young (2048K), 2 survivors (2048K)
 Metaspace       used 47789K, committed 48128K, reserved 1114112K
  class space    used 5740K, committed 5888K, reserved 1048576K
}
Event: 30.048 GC heap before
{Heap before GC invocations=21 (full 0):
 garbage-first heap   total 68608K, used 54144K [0x0000000085e00000, 0x0000000100000000)
  region size 1024K, 14 young (14336K), 2 survivors (2048K)
 Metaspace       used 48233K, committed 48512K, reserved 1114112K
  class space    used 5755K, committed 5888K, reserved 1048576K
}
Event: 30.061 GC heap after
{Heap after GC invocations=22 (full 0):
 garbage-first heap   total 68608K, used 44586K [0x0000000085e00000, 0x0000000100000000)
  region size 1024K, 2 young (2048K), 2 survivors (2048K)
 Metaspace       used 48233K, committed 48512K, reserved 1114112K
  class space    used 5755K, committed 5888K, reserved 1048576K
}
Event: 30.534 GC heap before
{Heap before GC invocations=23 (full 0):
 garbage-first heap   total 78848K, used 54826K [0x0000000085e00000, 0x0000000100000000)
  region size 1024K, 12 young (12288K), 2 survivors (2048K)
 Metaspace       used 48332K, committed 48640K, reserved 1114112K
  class space    used 5756K, committed 5888K, reserved 1048576K
}
Event: 30.544 GC heap after
{Heap after GC invocations=24 (full 0):
 garbage-first heap   total 78848K, used 46844K [0x0000000085e00000, 0x0000000100000000)
  region size 1024K, 2 young (2048K), 2 survivors (2048K)
 Metaspace       used 48332K, committed 48640K, reserved 1114112K
  class space    used 5756K, committed 5888K, reserved 1048576K
}
Event: 30.987 GC heap before
{Heap before GC invocations=24 (full 0):
 garbage-first heap   total 78848K, used 62204K [0x0000000085e00000, 0x0000000100000000)
  region size 1024K, 17 young (17408K), 2 survivors (2048K)
 Metaspace       used 48389K, committed 48640K, reserved 1114112K
  class space    used 5758K, committed 5888K, reserved 1048576K
}
Event: 30.999 GC heap after
{Heap after GC invocations=25 (full 0):
 garbage-first heap   total 95232K, used 49521K [0x0000000085e00000, 0x0000000100000000)
  region size 1024K, 3 young (3072K), 3 survivors (3072K)
 Metaspace       used 48389K, committed 48640K, reserved 1114112K
  class space    used 5758K, committed 5888K, reserved 1048576K
}
Event: 31.838 GC heap before
{Heap before GC invocations=26 (full 0):
 garbage-first heap   total 95232K, used 73073K [0x0000000085e00000, 0x0000000100000000)
  region size 1024K, 26 young (26624K), 3 survivors (3072K)
 Metaspace       used 49303K, committed 49600K, reserved 1114112K
  class space    used 5844K, committed 6016K, reserved 1048576K
}
Event: 31.856 GC heap after
{Heap after GC invocations=27 (full 0):
 garbage-first heap   total 95232K, used 52900K [0x0000000085e00000, 0x0000000100000000)
  region size 1024K, 4 young (4096K), 4 survivors (4096K)
 Metaspace       used 49303K, committed 49600K, reserved 1114112K
  class space    used 5844K, committed 6016K, reserved 1048576K
}
Event: 31.875 GC heap before
{Heap before GC invocations=27 (full 0):
 garbage-first heap   total 95232K, used 53924K [0x0000000085e00000, 0x0000000100000000)
  region size 1024K, 5 young (5120K), 4 survivors (4096K)
 Metaspace       used 49310K, committed 49600K, reserved 1114112K
  class space    used 5844K, committed 6016K, reserved 1048576K
}
Event: 31.900 GC heap after
{Heap after GC invocations=28 (full 0):
 garbage-first heap   total 95232K, used 52746K [0x0000000085e00000, 0x0000000100000000)
  region size 1024K, 1 young (1024K), 1 survivors (1024K)
 Metaspace       used 49310K, committed 49600K, reserved 1114112K
  class space    used 5844K, committed 6016K, reserved 1048576K
}

