# JRE version: OpenJDK Runtime Environment OpenLogic-OpenJDK (17.0.10+7) (build 17.0.10+7-adhoc..jdk17u)
# Java VM: OpenJDK 64-Bit Server VM OpenLogic-OpenJDK (17.0.10+7-adhoc..jdk17u, mixed mode, sharing, tiered, compressed oops, compressed class ptrs, g1 gc, windows-amd64)
GC Precious Log:
 CPUs: 4 total, 4 available
 Memory: 7812M
 Large Page Support: Disabled
 NUMA Support: Disabled
 Compressed Oops: Enabled (32-bit)
 Heap Region Size: 1M
 Heap Min Capacity: 8M
 Heap Initial Capacity: 124M
 Heap Max Capacity: 2G
 Pre-touch: Disabled
 Parallel Workers: 4
 Concurrent Workers: 1
 Concurrent Refinement Workers: 4
 Periodic GC: Disabled
Heap:
 garbage-first heap   total 501760K, used 425232K [0x0000000080000000, 0x0000000100000000)
  region size 1024K, 17 young (17408K), 2 survivors (2048K)
 Metaspace       used 162941K, committed 166016K, reserved 622592K
  class space    used 21568K, committed 22656K, reserved 425984K
GC Heap History (20 events):
Event: 157.009 GC heap before
{Heap before GC invocations=74 (full 0):
 garbage-first heap   total 501760K, used 441278K [0x0000000080000000, 0x0000000100000000)
  region size 1024K, 27 young (27648K), 4 survivors (4096K)
 Metaspace       used 164280K, committed 166336K, reserved 622592K
  class space    used 21491K, committed 22400K, reserved 425984K
}
Event: 157.021 GC heap after
{Heap after GC invocations=75 (full 0):
 garbage-first heap   total 501760K, used 422833K [0x0000000080000000, 0x0000000100000000)
  region size 1024K, 4 young (4096K), 4 survivors (4096K)
 Metaspace       used 164280K, committed 166336K, reserved 622592K
  class space    used 21491K, committed 22400K, reserved 425984K
}
Event: 157.521 GC heap before
{Heap before GC invocations=75 (full 0):
 garbage-first heap   total 501760K, used 443313K [0x0000000080000000, 0x0000000100000000)
  region size 1024K, 24 young (24576K), 4 survivors (4096K)
 Metaspace       used 164692K, committed 166720K, reserved 622592K
  class space    used 21561K, committed 22464K, reserved 425984K
}
Event: 157.529 GC heap after
{Heap after GC invocations=76 (full 0):
 garbage-first heap   total 501760K, used 425030K [0x0000000080000000, 0x0000000100000000)
  region size 1024K, 2 young (2048K), 2 survivors (2048K)
 Metaspace       used 164692K, committed 166720K, reserved 622592K
  class space    used 21561K, committed 22464K, reserved 425984K
}
Event: 158.627 GC heap before
{Heap before GC invocations=76 (full 0):
 garbage-first heap   total 501760K, used 446534K [0x0000000080000000, 0x0000000100000000)
  region size 1024K, 24 young (24576K), 2 survivors (2048K)
 Metaspace       used 165741K, committed 167744K, reserved 622592K
  class space    used 21742K, committed 22592K, reserved 425984K
}
Event: 158.634 GC heap after
{Heap after GC invocations=77 (full 0):
 garbage-first heap   total 501760K, used 427377K [0x0000000080000000, 0x0000000100000000)
  region size 1024K, 3 young (3072K), 3 survivors (3072K)
 Metaspace       used 165741K, committed 167744K, reserved 622592K
  class space    used 21742K, committed 22592K, reserved 425984K
}
Event: 159.225 GC heap before
{Heap before GC invocations=77 (full 0):
 garbage-first heap   total 501760K, used 448881K [0x0000000080000000, 0x0000000100000000)
  region size 1024K, 24 young (24576K), 3 survivors (3072K)
 Metaspace       used 165756K, committed 167744K, reserved 622592K
  class space    used 21742K, committed 22592K, reserved 425984K
}
Event: 159.233 GC heap after
{Heap after GC invocations=78 (full 0):
 garbage-first heap   total 501760K, used 430135K [0x0000000080000000, 0x0000000100000000)
  region size 1024K, 3 young (3072K), 3 survivors (3072K)
 Metaspace       used 165756K, committed 167744K, reserved 622592K
  class space    used 21742K, committed 22592K, reserved 425984K
}
Event: 159.765 GC heap before
{Heap before GC invocations=78 (full 0):
 garbage-first heap   total 501760K, used 451639K [0x0000000080000000, 0x0000000100000000)
  region size 1024K, 24 young (24576K), 3 survivors (3072K)
 Metaspace       used 165770K, committed 167744K, reserved 622592K
  class space    used 21742K, committed 22592K, reserved 425984K
}
Event: 159.774 GC heap after
{Heap after GC invocations=79 (full 0):
 garbage-first heap   total 501760K, used 434496K [0x0000000080000000, 0x0000000100000000)
  region size 1024K, 3 young (3072K), 3 survivors (3072K)
 Metaspace       used 165770K, committed 167744K, reserved 622592K
  class space    used 21742K, committed 22592K, reserved 425984K
}
Event: 160.271 GC heap before
{Heap before GC invocations=79 (full 0):
 garbage-first heap   total 501760K, used 456000K [0x0000000080000000, 0x0000000100000000)
  region size 1024K, 24 young (24576K), 3 survivors (3072K)
 Metaspace       used 165801K, committed 167872K, reserved 622592K
  class space    used 21748K, committed 22656K, reserved 425984K
}
Event: 160.280 GC heap after
{Heap after GC invocations=80 (full 0):
 garbage-first heap   total 501760K, used 438234K [0x0000000080000000, 0x0000000100000000)
  region size 1024K, 3 young (3072K), 3 survivors (3072K)
 Metaspace       used 165801K, committed 167872K, reserved 622592K
  class space    used 21748K, committed 22656K, reserved 425984K
}
Event: 161.819 GC heap before
{Heap before GC invocations=80 (full 0):
 garbage-first heap   total 501760K, used 458714K [0x0000000080000000, 0x0000000100000000)
  region size 1024K, 24 young (24576K), 3 survivors (3072K)
 Metaspace       used 165893K, committed 167936K, reserved 622592K
  class space    used 21765K, committed 22656K, reserved 425984K
}
Event: 161.827 GC heap after
{Heap after GC invocations=81 (full 0):
 garbage-first heap   total 501760K, used 440953K [0x0000000080000000, 0x0000000100000000)
  region size 1024K, 3 young (3072K), 3 survivors (3072K)
 Metaspace       used 165893K, committed 167936K, reserved 622592K
  class space    used 21765K, committed 22656K, reserved 425984K
}
Event: 163.690 GC heap before
{Heap before GC invocations=81 (full 0):
 garbage-first heap   total 501760K, used 462457K [0x0000000080000000, 0x0000000100000000)
  region size 1024K, 24 young (24576K), 3 survivors (3072K)
 Metaspace       used 165931K, committed 167936K, reserved 622592K
  class space    used 21767K, committed 22656K, reserved 425984K
}
Event: 163.698 GC heap after
{Heap after GC invocations=82 (full 0):
 garbage-first heap   total 501760K, used 443431K [0x0000000080000000, 0x0000000100000000)
  region size 1024K, 3 young (3072K), 3 survivors (3072K)
 Metaspace       used 165931K, committed 167936K, reserved 622592K
  class space    used 21767K, committed 22656K, reserved 425984K
}
Event: 164.047 GC heap before
{Heap before GC invocations=82 (full 0):
 garbage-first heap   total 501760K, used 464935K [0x0000000080000000, 0x0000000100000000)
  region size 1024K, 24 young (24576K), 3 survivors (3072K)
 Metaspace       used 165964K, committed 168000K, reserved 622592K
  class space    used 21768K, committed 22656K, reserved 425984K
}
Event: 164.055 GC heap after
{Heap after GC invocations=83 (full 0):
 garbage-first heap   total 501760K, used 446464K [0x0000000080000000, 0x0000000100000000)
  region size 1024K, 3 young (3072K), 3 survivors (3072K)
 Metaspace       used 165964K, committed 168000K, reserved 622592K
  class space    used 21768K, committed 22656K, reserved 425984K
}
Event: 164.630 GC heap before
{Heap before GC invocations=83 (full 0):
 garbage-first heap   total 501760K, used 467968K [0x0000000080000000, 0x0000000100000000)
  region size 1024K, 24 young (24576K), 3 survivors (3072K)
 Metaspace       used 166019K, committed 168000K, reserved 622592K
  class space    used 21782K, committed 22656K, reserved 425984K
}
Event: 164.637 GC heap after
{Heap after GC invocations=84 (full 0):
 garbage-first heap   total 501760K, used 447760K [0x0000000080000000, 0x0000000100000000)
  region size 1024K, 2 young (2048K), 2 survivors (2048K)
 Metaspace       used 166019K, committed 168000K, reserved 622592K
  class space    used 21782K, committed 22656K, reserved 425984K
}

